{"name": "test_closeDropDownBox", "status": "failed", "statusDetails": {"message": "AssertionError", "trace": "self = <Assignment.pages.TypeAndArrangementPage.SelectBearingTypePage object at 0x00000231561266D0>, locatorValue = \"//div[contains(@id,'mat-select-value-9')]\"\nlocatorType = 'xpath'\n\n    def getText(self,locatorValue,locatorType):\n        element = None\n        try:\n            locatorType = locatorType.lower()\n>           element = self.waitForElement(locatorValue, locatorType)\n\n..\\base\\BaseClass.py:124: \n_ _ _ _ _ _ _ _ _ _ _ _ _ _ _ _ _ _ _ _ _ _ _ _ _ _ _ _ _ _ _ _ _ _ _ _ _ _ _ _ _ _ _ _ _ _ _ _ _ _ _ _ _ _ _ _ _ _ _ _ _ _ _ _ _ _ _ _ _ _ _ _ _ _ _ _ _ _ _ _ _ _ _ _\n\nself = <Assignment.pages.TypeAndArrangementPage.SelectBearingTypePage object at 0x00000231561266D0>, locatorValue = \"//div[contains(@id,'mat-select-value-9')]\"\nlocatorType = 'xpath'\n\n    def waitForElement(self,locatorValue,locatorType):\n        locatorType=locatorType.lower()\n        ele=None\n        self.wait = WebDriverWait(self.driver,20,poll_frequency=2,ignored_exceptions=[NoSuchElementException,\n                                                                                    ElementNotVisibleException,\n                                                                                    ElementNotSelectableException])\n        if locatorType == \"id\":\n            ele = self.wait.until(lambda x:x.find_element_by_id(locatorValue))\n            return ele\n    \n        elif locatorType == \"css\":\n            ele = self.wait.until(lambda x:x.find_element_by_css(locatorValue))\n            return ele\n    \n        elif locatorType == \"xpath\":\n>           ele = self.wait.until(lambda x:x.find_element_by_xpath(locatorValue))\n\n..\\base\\BaseClass.py:30: \n_ _ _ _ _ _ _ _ _ _ _ _ _ _ _ _ _ _ _ _ _ _ _ _ _ _ _ _ _ _ _ _ _ _ _ _ _ _ _ _ _ _ _ _ _ _ _ _ _ _ _ _ _ _ _ _ _ _ _ _ _ _ _ _ _ _ _ _ _ _ _ _ _ _ _ _ _ _ _ _ _ _ _ _\n\nself = <selenium.webdriver.support.wait.WebDriverWait (session=\"bf2136543c673c7cec7b90067d6e1350\")>\nmethod = <function BaseClass.waitForElement.<locals>.<lambda> at 0x0000023156137430>, message = ''\n\n    def until(self, method, message=''):\n        \"\"\"Calls the method provided with the driver as an argument until the \\\n        return value is not False.\"\"\"\n        screen = None\n        stacktrace = None\n    \n        end_time = time.time() + self._timeout\n        while True:\n            try:\n                value = method(self._driver)\n                if value:\n                    return value\n            except self._ignored_exceptions as exc:\n                screen = getattr(exc, 'screen', None)\n                stacktrace = getattr(exc, 'stacktrace', None)\n            time.sleep(self._poll)\n            if time.time() > end_time:\n                break\n>       raise TimeoutException(message, screen, stacktrace)\nE       selenium.common.exceptions.TimeoutException: Message:\n\n..\\..\\..\\..\\appdata\\local\\programs\\python\\python39\\lib\\site-packages\\selenium\\webdriver\\support\\wait.py:80: TimeoutException\n\nDuring handling of the above exception, another exception occurred:\n\nself = <Assignment.tests.test_tc1.Test_001_DropDown object at 0x00000231561ABEB0>\n\n    def test_closeDropDownBox(self):\n>       self.dp.closeDropDownOption()\n\ntest_tc1.py:50: \n_ _ _ _ _ _ _ _ _ _ _ _ _ _ _ _ _ _ _ _ _ _ _ _ _ _ _ _ _ _ _ _ _ _ _ _ _ _ _ _ _ _ _ _ _ _ _ _ _ _ _ _ _ _ _ _ _ _ _ _ _ _ _ _ _ _ _ _ _ _ _ _ _ _ _ _ _ _ _ _ _ _ _ _\n..\\pages\\TypeAndArrangementPage.py:64: in closeDropDownOption\n    actual_text = self.getText(self._bearingDropbox,'xpath')\n_ _ _ _ _ _ _ _ _ _ _ _ _ _ _ _ _ _ _ _ _ _ _ _ _ _ _ _ _ _ _ _ _ _ _ _ _ _ _ _ _ _ _ _ _ _ _ _ _ _ _ _ _ _ _ _ _ _ _ _ _ _ _ _ _ _ _ _ _ _ _ _ _ _ _ _ _ _ _ _ _ _ _ _\n\nself = <Assignment.pages.TypeAndArrangementPage.SelectBearingTypePage object at 0x00000231561266D0>, locatorValue = \"//div[contains(@id,'mat-select-value-9')]\"\nlocatorType = 'xpath'\n\n    def getText(self,locatorValue,locatorType):\n        element = None\n        try:\n            locatorType = locatorType.lower()\n            element = self.waitForElement(locatorValue, locatorType)\n            text = element.text\n            self.logs.info(\"Text of the element on locator type:\" + locatorType + \" and with the locator value:\" + locatorValue + \"is extracted\")\n            return text\n        except:\n            self.logs.info(\"Text of the element on locator type:\" + locatorType + \" and with the locator value:\" + locatorValue + \"couldn't be extracted\")\n            self.getScreenshot(locatorType)\n>           assert False\nE           AssertionError\n\n..\\base\\BaseClass.py:131: AssertionError"}, "steps": [{"name": "closing the dropdown box", "status": "passed", "start": 1610290263125, "stop": 1610290263125}], "attachments": [{"name": "log", "source": "e4db992a-b1a7-4232-bca3-55e04b4abfc3-attachment.txt", "type": "text/plain"}], "start": 1610290263125, "stop": 1610290287870, "uuid": "e872c11f-1895-4325-96f2-a90b7b7d134e", "historyId": "793347ba0b515f30f338c07fcb0d1226", "testCaseId": "129e6e8320a529dd5ac057f59bcf99e3", "fullName": "test_tc2.Test_001_DropDown#test_closeDropDownBox", "labels": [{"name": "tag", "value": "@pytest.mark.usefixtures('setup')"}, {"name": "suite", "value": "test_tc2"}, {"name": "subSuite", "value": "Test_001_DropDown"}, {"name": "host", "value": "indrasen-PC"}, {"name": "thread", "value": "9868-MainThread"}, {"name": "framework", "value": "pytest"}, {"name": "language", "value": "cpython3"}, {"name": "package", "value": "test_tc2"}]}